{"/Users/ramiro/Documents/codigo/Ramiro/src/App.vue": {"path":"/Users/ramiro/Documents/codigo/Ramiro/src/App.vue","all":true,"statementMap":{"1":{"start":{"line":2,"column":0},"end":{"line":2,"column":59}},"5":{"start":{"line":6,"column":0},"end":{"line":6,"column":19}}},"s":{"1":0,"5":0},"branchMap":{"0":{"type":"branch","line":1,"loc":{"start":{"line":1,"column":257},"end":{"line":16,"column":8}},"locations":[{"start":{"line":1,"column":257},"end":{"line":16,"column":8}}]}},"b":{"0":[1]},"fnMap":{"0":{"name":"(empty-report)","decl":{"start":{"line":1,"column":257},"end":{"line":16,"column":8}},"loc":{"start":{"line":1,"column":257},"end":{"line":16,"column":8}},"line":1}},"f":{"0":1}}
,"/Users/ramiro/Documents/codigo/Ramiro/src/constants.ts": {"path":"/Users/ramiro/Documents/codigo/Ramiro/src/constants.ts","all":true,"statementMap":{"0":{"start":{"line":1,"column":0},"end":{"line":1,"column":27}},"1":{"start":{"line":2,"column":0},"end":{"line":2,"column":57}}},"s":{"0":0,"1":0},"branchMap":{"0":{"type":"branch","line":1,"loc":{"start":{"line":1,"column":85},"end":{"line":2,"column":57}},"locations":[{"start":{"line":1,"column":85},"end":{"line":2,"column":57}}]}},"b":{"0":[0]},"fnMap":{"0":{"name":"(empty-report)","decl":{"start":{"line":1,"column":85},"end":{"line":2,"column":57}},"loc":{"start":{"line":1,"column":85},"end":{"line":2,"column":57}},"line":1}},"f":{"0":0}}
,"/Users/ramiro/Documents/codigo/Ramiro/src/main.ts": {"path":"/Users/ramiro/Documents/codigo/Ramiro/src/main.ts","all":true,"statementMap":{"0":{"start":{"line":1,"column":0},"end":{"line":1,"column":32}},"1":{"start":{"line":2,"column":0},"end":{"line":2,"column":21}},"2":{"start":{"line":3,"column":0},"end":{"line":3,"column":28}},"4":{"start":{"line":5,"column":0},"end":{"line":5,"column":29}}},"s":{"0":0,"1":0,"2":0,"4":0},"branchMap":{"0":{"type":"branch","line":1,"loc":{"start":{"line":1,"column":0},"end":{"line":5,"column":-31}},"locations":[{"start":{"line":1,"column":0},"end":{"line":5,"column":-31}}]}},"b":{"0":[0]},"fnMap":{"0":{"name":"(empty-report)","decl":{"start":{"line":1,"column":0},"end":{"line":5,"column":-31}},"loc":{"start":{"line":1,"column":0},"end":{"line":5,"column":-31}},"line":1}},"f":{"0":0}}
,"/Users/ramiro/Documents/codigo/Ramiro/src/types.ts": {"path":"/Users/ramiro/Documents/codigo/Ramiro/src/types.ts","all":true,"statementMap":{},"s":{},"branchMap":{"0":{"type":"branch","line":1,"loc":{"start":{"line":1,"column":222},"end":{"line":13,"column":1}},"locations":[{"start":{"line":1,"column":222},"end":{"line":13,"column":1}}]}},"b":{"0":[1]},"fnMap":{"0":{"name":"(empty-report)","decl":{"start":{"line":1,"column":222},"end":{"line":13,"column":1}},"loc":{"start":{"line":1,"column":222},"end":{"line":13,"column":1}},"line":1}},"f":{"0":1}}
,"/Users/ramiro/Documents/codigo/Ramiro/src/components/BookingDetail.vue": {"path":"/Users/ramiro/Documents/codigo/Ramiro/src/components/BookingDetail.vue","all":false,"statementMap":{"1":{"start":{"line":2,"column":0},"end":{"line":2,"column":6}},"2":{"start":{"line":3,"column":0},"end":{"line":3,"column":96}},"3":{"start":{"line":4,"column":0},"end":{"line":4,"column":17}},"4":{"start":{"line":5,"column":0},"end":{"line":5,"column":21}},"5":{"start":{"line":6,"column":0},"end":{"line":6,"column":23}},"6":{"start":{"line":7,"column":0},"end":{"line":7,"column":29}},"7":{"start":{"line":8,"column":0},"end":{"line":8,"column":17}},"8":{"start":{"line":9,"column":0},"end":{"line":9,"column":18}},"10":{"start":{"line":11,"column":0},"end":{"line":11,"column":8}},"11":{"start":{"line":12,"column":0},"end":{"line":12,"column":198}},"12":{"start":{"line":13,"column":0},"end":{"line":13,"column":17}},"14":{"start":{"line":15,"column":0},"end":{"line":15,"column":10}},"15":{"start":{"line":16,"column":0},"end":{"line":16,"column":90}},"16":{"start":{"line":17,"column":0},"end":{"line":17,"column":13}},"18":{"start":{"line":19,"column":0},"end":{"line":19,"column":56}},"19":{"start":{"line":20,"column":0},"end":{"line":20,"column":38}},"20":{"start":{"line":21,"column":0},"end":{"line":21,"column":17}},"21":{"start":{"line":22,"column":0},"end":{"line":22,"column":31}},"22":{"start":{"line":23,"column":0},"end":{"line":23,"column":160}},"23":{"start":{"line":24,"column":0},"end":{"line":24,"column":46}},"24":{"start":{"line":25,"column":0},"end":{"line":25,"column":11}},"26":{"start":{"line":27,"column":0},"end":{"line":27,"column":19}},"27":{"start":{"line":28,"column":0},"end":{"line":28,"column":14}},"29":{"start":{"line":30,"column":0},"end":{"line":30,"column":56}},"30":{"start":{"line":31,"column":0},"end":{"line":31,"column":13}},"31":{"start":{"line":32,"column":0},"end":{"line":32,"column":74}},"32":{"start":{"line":33,"column":0},"end":{"line":33,"column":37}},"33":{"start":{"line":34,"column":0},"end":{"line":34,"column":11}},"35":{"start":{"line":36,"column":0},"end":{"line":36,"column":15}},"36":{"start":{"line":37,"column":0},"end":{"line":37,"column":76}},"37":{"start":{"line":38,"column":0},"end":{"line":38,"column":14}},"39":{"start":{"line":40,"column":0},"end":{"line":40,"column":44}},"40":{"start":{"line":41,"column":0},"end":{"line":41,"column":14}},"41":{"start":{"line":42,"column":0},"end":{"line":42,"column":49}},"42":{"start":{"line":43,"column":0},"end":{"line":43,"column":24}},"43":{"start":{"line":44,"column":0},"end":{"line":44,"column":93}},"44":{"start":{"line":45,"column":0},"end":{"line":45,"column":58}},"46":{"start":{"line":47,"column":0},"end":{"line":47,"column":74}},"47":{"start":{"line":48,"column":0},"end":{"line":48,"column":25}},"48":{"start":{"line":49,"column":0},"end":{"line":49,"column":20}},"49":{"start":{"line":50,"column":0},"end":{"line":50,"column":14}},"50":{"start":{"line":51,"column":0},"end":{"line":51,"column":63}},"51":{"start":{"line":52,"column":0},"end":{"line":52,"column":43}},"53":{"start":{"line":54,"column":0},"end":{"line":54,"column":25}},"54":{"start":{"line":55,"column":0},"end":{"line":55,"column":16}},"55":{"start":{"line":56,"column":0},"end":{"line":56,"column":16}},"56":{"start":{"line":57,"column":0},"end":{"line":57,"column":14}},"57":{"start":{"line":58,"column":0},"end":{"line":58,"column":12}},"58":{"start":{"line":59,"column":0},"end":{"line":59,"column":10}},"59":{"start":{"line":60,"column":0},"end":{"line":60,"column":8}},"63":{"start":{"line":64,"column":0},"end":{"line":64,"column":47}},"66":{"start":{"line":67,"column":0},"end":{"line":67,"column":27}},"71":{"start":{"line":72,"column":0},"end":{"line":72,"column":26}},"75":{"start":{"line":76,"column":0},"end":{"line":76,"column":36}},"77":{"start":{"line":78,"column":0},"end":{"line":78,"column":40}},"78":{"start":{"line":79,"column":0},"end":{"line":79,"column":50}},"79":{"start":{"line":80,"column":0},"end":{"line":80,"column":46}},"80":{"start":{"line":81,"column":0},"end":{"line":81,"column":61}},"81":{"start":{"line":82,"column":0},"end":{"line":82,"column":63}},"82":{"start":{"line":83,"column":0},"end":{"line":83,"column":18}},"83":{"start":{"line":84,"column":0},"end":{"line":84,"column":3}},"85":{"start":{"line":86,"column":0},"end":{"line":86,"column":44}},"86":{"start":{"line":87,"column":0},"end":{"line":87,"column":59}},"87":{"start":{"line":88,"column":0},"end":{"line":88,"column":20}},"88":{"start":{"line":89,"column":0},"end":{"line":89,"column":18}},"89":{"start":{"line":90,"column":0},"end":{"line":90,"column":19}},"90":{"start":{"line":91,"column":0},"end":{"line":91,"column":20}},"91":{"start":{"line":92,"column":0},"end":{"line":92,"column":22}},"92":{"start":{"line":93,"column":0},"end":{"line":93,"column":5}},"93":{"start":{"line":94,"column":0},"end":{"line":94,"column":2}},"95":{"start":{"line":96,"column":0},"end":{"line":96,"column":37}},"96":{"start":{"line":97,"column":0},"end":{"line":97,"column":46}},"97":{"start":{"line":98,"column":0},"end":{"line":98,"column":60}},"98":{"start":{"line":99,"column":0},"end":{"line":99,"column":56}},"99":{"start":{"line":100,"column":0},"end":{"line":100,"column":97}},"100":{"start":{"line":101,"column":0},"end":{"line":101,"column":46}},"101":{"start":{"line":102,"column":0},"end":{"line":102,"column":4}},"103":{"start":{"line":104,"column":0},"end":{"line":104,"column":42}},"104":{"start":{"line":105,"column":0},"end":{"line":105,"column":71}},"105":{"start":{"line":106,"column":0},"end":{"line":106,"column":27}},"106":{"start":{"line":107,"column":0},"end":{"line":107,"column":16}},"107":{"start":{"line":108,"column":0},"end":{"line":108,"column":2}},"109":{"start":{"line":110,"column":0},"end":{"line":110,"column":26}},"110":{"start":{"line":111,"column":0},"end":{"line":111,"column":25}},"111":{"start":{"line":112,"column":0},"end":{"line":112,"column":2}},"113":{"start":{"line":114,"column":0},"end":{"line":114,"column":17}},"114":{"start":{"line":115,"column":0},"end":{"line":115,"column":23}},"115":{"start":{"line":116,"column":0},"end":{"line":116,"column":27}},"116":{"start":{"line":117,"column":0},"end":{"line":117,"column":3}},"117":{"start":{"line":118,"column":0},"end":{"line":118,"column":3}}},"s":{"1":1,"2":1,"3":1,"4":1,"5":1,"6":1,"7":1,"8":1,"10":1,"11":1,"12":1,"14":1,"15":1,"16":1,"18":1,"19":1,"20":1,"21":1,"22":1,"23":1,"24":1,"26":1,"27":1,"29":1,"30":1,"31":1,"32":1,"33":1,"35":1,"36":1,"37":1,"39":1,"40":1,"41":1,"42":1,"43":1,"44":1,"46":1,"47":1,"48":1,"49":1,"50":1,"51":1,"53":1,"54":1,"55":1,"56":1,"57":1,"58":1,"59":1,"63":1,"66":1,"71":1,"75":1,"77":1,"78":17,"79":17,"80":17,"81":17,"82":17,"83":1,"85":1,"86":34,"87":34,"88":34,"89":34,"90":34,"91":34,"92":34,"93":34,"95":1,"96":17,"97":17,"98":17,"99":17,"100":17,"101":1,"103":1,"104":85,"105":34,"106":51,"107":85,"109":1,"110":3,"111":3,"113":1,"114":17,"115":17,"116":17,"117":1},"branchMap":{"0":{"type":"branch","line":78,"loc":{"start":{"line":78,"column":33},"end":{"line":84,"column":1}},"locations":[{"start":{"line":78,"column":33},"end":{"line":84,"column":1}}]},"1":{"type":"branch","line":86,"loc":{"start":{"line":86,"column":19},"end":{"line":94,"column":2}},"locations":[{"start":{"line":86,"column":19},"end":{"line":94,"column":2}}]},"2":{"type":"branch","line":96,"loc":{"start":{"line":96,"column":29},"end":{"line":102,"column":2}},"locations":[{"start":{"line":96,"column":29},"end":{"line":102,"column":2}}]},"3":{"type":"branch","line":100,"loc":{"start":{"line":100,"column":76},"end":{"line":100,"column":88}},"locations":[{"start":{"line":100,"column":76},"end":{"line":100,"column":88}}]},"4":{"type":"branch","line":100,"loc":{"start":{"line":100,"column":80},"end":{"line":100,"column":94}},"locations":[{"start":{"line":100,"column":80},"end":{"line":100,"column":94}}]},"5":{"type":"branch","line":104,"loc":{"start":{"line":104,"column":22},"end":{"line":108,"column":2}},"locations":[{"start":{"line":104,"column":22},"end":{"line":108,"column":2}}]},"6":{"type":"branch","line":105,"loc":{"start":{"line":105,"column":19},"end":{"line":105,"column":71}},"locations":[{"start":{"line":105,"column":19},"end":{"line":105,"column":71}}]},"7":{"type":"branch","line":105,"loc":{"start":{"line":105,"column":48},"end":{"line":106,"column":27}},"locations":[{"start":{"line":105,"column":48},"end":{"line":106,"column":27}}]},"8":{"type":"branch","line":106,"loc":{"start":{"line":106,"column":6},"end":{"line":107,"column":16}},"locations":[{"start":{"line":106,"column":6},"end":{"line":107,"column":16}}]},"9":{"type":"branch","line":110,"loc":{"start":{"line":110,"column":19},"end":{"line":112,"column":2}},"locations":[{"start":{"line":110,"column":19},"end":{"line":112,"column":2}}]},"10":{"type":"branch","line":114,"loc":{"start":{"line":114,"column":10},"end":{"line":118,"column":1}},"locations":[{"start":{"line":114,"column":10},"end":{"line":118,"column":1}}]},"11":{"type":"branch","line":13,"loc":{"start":{"line":13,"column":6},"end":{"line":13,"column":7}},"locations":[{"start":{"line":13,"column":6},"end":{"line":13,"column":7}}]}},"b":{"0":[17],"1":[34],"2":[17],"3":[1],"4":[16],"5":[85],"6":[68],"7":[34],"8":[51],"9":[3],"10":[17],"11":[2]},"fnMap":{"0":{"name":"formatDate","decl":{"start":{"line":86,"column":19},"end":{"line":94,"column":2}},"loc":{"start":{"line":86,"column":19},"end":{"line":94,"column":2}},"line":86},"1":{"name":"getFieldClass","decl":{"start":{"line":104,"column":22},"end":{"line":108,"column":2}},"loc":{"start":{"line":104,"column":22},"end":{"line":108,"column":2}},"line":104},"2":{"name":"closeModal","decl":{"start":{"line":110,"column":19},"end":{"line":112,"column":2}},"loc":{"start":{"line":110,"column":19},"end":{"line":112,"column":2}},"line":110}},"f":{"0":34,"1":85,"2":3}}
,"/Users/ramiro/Documents/codigo/Ramiro/src/components/CalendarLayout.vue": {"path":"/Users/ramiro/Documents/codigo/Ramiro/src/components/CalendarLayout.vue","all":false,"statementMap":{"1":{"start":{"line":2,"column":0},"end":{"line":2,"column":6}},"2":{"start":{"line":3,"column":0},"end":{"line":3,"column":139}},"3":{"start":{"line":4,"column":0},"end":{"line":4,"column":17}},"4":{"start":{"line":5,"column":0},"end":{"line":5,"column":51}},"6":{"start":{"line":7,"column":0},"end":{"line":7,"column":8}},"7":{"start":{"line":8,"column":0},"end":{"line":8,"column":86}},"8":{"start":{"line":9,"column":0},"end":{"line":9,"column":24}},"9":{"start":{"line":10,"column":0},"end":{"line":10,"column":11}},"11":{"start":{"line":12,"column":0},"end":{"line":12,"column":73}},"12":{"start":{"line":13,"column":0},"end":{"line":13,"column":10}},"13":{"start":{"line":14,"column":0},"end":{"line":14,"column":60}},"14":{"start":{"line":15,"column":0},"end":{"line":15,"column":22}},"15":{"start":{"line":16,"column":0},"end":{"line":16,"column":36}},"17":{"start":{"line":18,"column":0},"end":{"line":18,"column":15}},"18":{"start":{"line":19,"column":0},"end":{"line":19,"column":27}},"19":{"start":{"line":20,"column":0},"end":{"line":20,"column":141}},"20":{"start":{"line":21,"column":0},"end":{"line":21,"column":42}},"21":{"start":{"line":22,"column":0},"end":{"line":22,"column":9}},"23":{"start":{"line":24,"column":0},"end":{"line":24,"column":17}},"25":{"start":{"line":26,"column":0},"end":{"line":26,"column":12}},"26":{"start":{"line":27,"column":0},"end":{"line":27,"column":93}},"27":{"start":{"line":28,"column":0},"end":{"line":28,"column":19}},"31":{"start":{"line":32,"column":0},"end":{"line":32,"column":23}},"32":{"start":{"line":33,"column":0},"end":{"line":33,"column":28}},"33":{"start":{"line":34,"column":0},"end":{"line":34,"column":41}},"35":{"start":{"line":36,"column":0},"end":{"line":36,"column":25}},"36":{"start":{"line":37,"column":0},"end":{"line":37,"column":14}},"38":{"start":{"line":39,"column":0},"end":{"line":39,"column":15}},"39":{"start":{"line":40,"column":0},"end":{"line":40,"column":27}},"40":{"start":{"line":41,"column":0},"end":{"line":41,"column":141}},"41":{"start":{"line":42,"column":0},"end":{"line":42,"column":38}},"42":{"start":{"line":43,"column":0},"end":{"line":43,"column":9}},"44":{"start":{"line":45,"column":0},"end":{"line":45,"column":17}},"45":{"start":{"line":46,"column":0},"end":{"line":46,"column":12}},"47":{"start":{"line":48,"column":0},"end":{"line":48,"column":10}},"48":{"start":{"line":49,"column":0},"end":{"line":49,"column":22}},"49":{"start":{"line":50,"column":0},"end":{"line":50,"column":131}},"50":{"start":{"line":51,"column":0},"end":{"line":51,"column":17}},"54":{"start":{"line":55,"column":0},"end":{"line":55,"column":19}},"55":{"start":{"line":56,"column":0},"end":{"line":56,"column":41}},"57":{"start":{"line":58,"column":0},"end":{"line":58,"column":12}},"58":{"start":{"line":59,"column":0},"end":{"line":59,"column":38}},"59":{"start":{"line":60,"column":0},"end":{"line":60,"column":25}},"60":{"start":{"line":61,"column":0},"end":{"line":61,"column":117}},"61":{"start":{"line":62,"column":0},"end":{"line":62,"column":19}},"65":{"start":{"line":66,"column":0},"end":{"line":66,"column":25}},"66":{"start":{"line":67,"column":0},"end":{"line":67,"column":33}},"67":{"start":{"line":68,"column":0},"end":{"line":68,"column":23}},"68":{"start":{"line":69,"column":0},"end":{"line":69,"column":57}},"69":{"start":{"line":70,"column":0},"end":{"line":70,"column":49}},"71":{"start":{"line":72,"column":0},"end":{"line":72,"column":40}},"72":{"start":{"line":73,"column":0},"end":{"line":73,"column":79}},"73":{"start":{"line":74,"column":0},"end":{"line":74,"column":29}},"74":{"start":{"line":75,"column":0},"end":{"line":75,"column":18}},"75":{"start":{"line":76,"column":0},"end":{"line":76,"column":76}},"76":{"start":{"line":77,"column":0},"end":{"line":77,"column":31}},"77":{"start":{"line":78,"column":0},"end":{"line":78,"column":18}},"78":{"start":{"line":79,"column":0},"end":{"line":79,"column":16}},"80":{"start":{"line":81,"column":0},"end":{"line":81,"column":71}},"81":{"start":{"line":82,"column":0},"end":{"line":82,"column":16}},"82":{"start":{"line":83,"column":0},"end":{"line":83,"column":61}},"83":{"start":{"line":84,"column":0},"end":{"line":84,"column":31}},"84":{"start":{"line":85,"column":0},"end":{"line":85,"column":29}},"86":{"start":{"line":87,"column":0},"end":{"line":87,"column":21}},"87":{"start":{"line":88,"column":0},"end":{"line":88,"column":152}},"88":{"start":{"line":89,"column":0},"end":{"line":89,"column":25}},"93":{"start":{"line":94,"column":0},"end":{"line":94,"column":32}},"94":{"start":{"line":95,"column":0},"end":{"line":95,"column":74}},"95":{"start":{"line":96,"column":0},"end":{"line":96,"column":40}},"96":{"start":{"line":97,"column":0},"end":{"line":97,"column":57}},"98":{"start":{"line":99,"column":0},"end":{"line":99,"column":68}},"99":{"start":{"line":100,"column":0},"end":{"line":100,"column":44}},"100":{"start":{"line":101,"column":0},"end":{"line":101,"column":20}},"101":{"start":{"line":102,"column":0},"end":{"line":102,"column":59}},"102":{"start":{"line":103,"column":0},"end":{"line":103,"column":60}},"103":{"start":{"line":104,"column":0},"end":{"line":104,"column":20}},"104":{"start":{"line":105,"column":0},"end":{"line":105,"column":23}},"105":{"start":{"line":106,"column":0},"end":{"line":106,"column":18}},"106":{"start":{"line":107,"column":0},"end":{"line":107,"column":16}},"108":{"start":{"line":109,"column":0},"end":{"line":109,"column":14}},"110":{"start":{"line":111,"column":0},"end":{"line":111,"column":93}},"111":{"start":{"line":112,"column":0},"end":{"line":112,"column":80}},"112":{"start":{"line":113,"column":0},"end":{"line":113,"column":30}},"113":{"start":{"line":114,"column":0},"end":{"line":114,"column":11}},"115":{"start":{"line":116,"column":0},"end":{"line":116,"column":16}},"117":{"start":{"line":118,"column":0},"end":{"line":118,"column":14}},"118":{"start":{"line":119,"column":0},"end":{"line":119,"column":46}},"119":{"start":{"line":120,"column":0},"end":{"line":120,"column":107}},"120":{"start":{"line":121,"column":0},"end":{"line":121,"column":30}},"121":{"start":{"line":122,"column":0},"end":{"line":122,"column":17}},"122":{"start":{"line":123,"column":0},"end":{"line":123,"column":14}},"123":{"start":{"line":124,"column":0},"end":{"line":124,"column":12}},"125":{"start":{"line":126,"column":0},"end":{"line":126,"column":10}},"126":{"start":{"line":127,"column":0},"end":{"line":127,"column":25}},"127":{"start":{"line":128,"column":0},"end":{"line":128,"column":72}},"128":{"start":{"line":129,"column":0},"end":{"line":129,"column":21}},"129":{"start":{"line":130,"column":0},"end":{"line":130,"column":26}},"131":{"start":{"line":132,"column":0},"end":{"line":132,"column":27}},"132":{"start":{"line":133,"column":0},"end":{"line":133,"column":63}},"133":{"start":{"line":134,"column":0},"end":{"line":134,"column":12}},"134":{"start":{"line":135,"column":0},"end":{"line":135,"column":43}},"135":{"start":{"line":136,"column":0},"end":{"line":136,"column":72}},"136":{"start":{"line":137,"column":0},"end":{"line":137,"column":12}},"137":{"start":{"line":138,"column":0},"end":{"line":138,"column":12}},"138":{"start":{"line":139,"column":0},"end":{"line":139,"column":10}},"139":{"start":{"line":140,"column":0},"end":{"line":140,"column":8}},"143":{"start":{"line":144,"column":0},"end":{"line":144,"column":36}},"146":{"start":{"line":147,"column":0},"end":{"line":147,"column":27}},"150":{"start":{"line":151,"column":0},"end":{"line":151,"column":26}},"158":{"start":{"line":159,"column":0},"end":{"line":159,"column":30}},"159":{"start":{"line":160,"column":0},"end":{"line":160,"column":49}},"160":{"start":{"line":161,"column":0},"end":{"line":161,"column":61}},"161":{"start":{"line":162,"column":0},"end":{"line":162,"column":36}},"163":{"start":{"line":164,"column":0},"end":{"line":164,"column":50}},"164":{"start":{"line":165,"column":0},"end":{"line":165,"column":38}},"165":{"start":{"line":166,"column":0},"end":{"line":166,"column":38}},"167":{"start":{"line":168,"column":0},"end":{"line":168,"column":25}},"168":{"start":{"line":169,"column":0},"end":{"line":169,"column":44}},"169":{"start":{"line":170,"column":0},"end":{"line":170,"column":26}},"171":{"start":{"line":172,"column":0},"end":{"line":172,"column":32}},"172":{"start":{"line":173,"column":0},"end":{"line":173,"column":27}},"173":{"start":{"line":174,"column":0},"end":{"line":174,"column":25}},"174":{"start":{"line":175,"column":0},"end":{"line":175,"column":56}},"175":{"start":{"line":176,"column":0},"end":{"line":176,"column":35}},"176":{"start":{"line":177,"column":0},"end":{"line":177,"column":1}},"178":{"start":{"line":179,"column":0},"end":{"line":179,"column":44}},"179":{"start":{"line":180,"column":0},"end":{"line":180,"column":27}},"180":{"start":{"line":181,"column":0},"end":{"line":181,"column":32}},"181":{"start":{"line":182,"column":0},"end":{"line":182,"column":11}},"182":{"start":{"line":183,"column":0},"end":{"line":183,"column":1}},"184":{"start":{"line":185,"column":0},"end":{"line":185,"column":29}},"185":{"start":{"line":186,"column":0},"end":{"line":186,"column":71}},"187":{"start":{"line":188,"column":0},"end":{"line":188,"column":78}},"188":{"start":{"line":189,"column":0},"end":{"line":189,"column":39}},"189":{"start":{"line":190,"column":0},"end":{"line":190,"column":53}},"191":{"start":{"line":192,"column":0},"end":{"line":192,"column":59}},"192":{"start":{"line":193,"column":0},"end":{"line":193,"column":18}},"193":{"start":{"line":194,"column":0},"end":{"line":194,"column":46}},"194":{"start":{"line":195,"column":0},"end":{"line":195,"column":42}},"195":{"start":{"line":196,"column":0},"end":{"line":196,"column":6}},"197":{"start":{"line":198,"column":0},"end":{"line":198,"column":40}},"198":{"start":{"line":199,"column":0},"end":{"line":199,"column":5}},"199":{"start":{"line":200,"column":0},"end":{"line":200,"column":3}},"201":{"start":{"line":202,"column":0},"end":{"line":202,"column":34}},"202":{"start":{"line":203,"column":0},"end":{"line":203,"column":38}},"203":{"start":{"line":204,"column":0},"end":{"line":204,"column":37}},"204":{"start":{"line":205,"column":0},"end":{"line":205,"column":30}},"205":{"start":{"line":206,"column":0},"end":{"line":206,"column":3}},"207":{"start":{"line":208,"column":0},"end":{"line":208,"column":68}},"208":{"start":{"line":209,"column":0},"end":{"line":209,"column":51}},"209":{"start":{"line":210,"column":0},"end":{"line":210,"column":47}},"211":{"start":{"line":212,"column":0},"end":{"line":212,"column":53}},"212":{"start":{"line":213,"column":0},"end":{"line":213,"column":29}},"213":{"start":{"line":214,"column":0},"end":{"line":214,"column":37}},"214":{"start":{"line":215,"column":0},"end":{"line":215,"column":20}},"215":{"start":{"line":216,"column":0},"end":{"line":216,"column":35}},"216":{"start":{"line":217,"column":0},"end":{"line":217,"column":20}},"217":{"start":{"line":218,"column":0},"end":{"line":218,"column":3}},"218":{"start":{"line":219,"column":0},"end":{"line":219,"column":12}},"219":{"start":{"line":220,"column":0},"end":{"line":220,"column":1}},"221":{"start":{"line":222,"column":0},"end":{"line":222,"column":80}},"222":{"start":{"line":223,"column":0},"end":{"line":223,"column":26}},"223":{"start":{"line":224,"column":0},"end":{"line":224,"column":33}},"225":{"start":{"line":226,"column":0},"end":{"line":226,"column":56}},"226":{"start":{"line":227,"column":0},"end":{"line":227,"column":73}},"227":{"start":{"line":228,"column":0},"end":{"line":228,"column":14}},"228":{"start":{"line":229,"column":0},"end":{"line":229,"column":15}},"230":{"start":{"line":231,"column":0},"end":{"line":231,"column":27}},"231":{"start":{"line":232,"column":0},"end":{"line":232,"column":46}},"232":{"start":{"line":233,"column":0},"end":{"line":233,"column":31}},"233":{"start":{"line":234,"column":0},"end":{"line":234,"column":19}},"234":{"start":{"line":235,"column":0},"end":{"line":235,"column":22}},"235":{"start":{"line":236,"column":0},"end":{"line":236,"column":30}},"236":{"start":{"line":237,"column":0},"end":{"line":237,"column":17}},"237":{"start":{"line":238,"column":0},"end":{"line":238,"column":39}},"238":{"start":{"line":239,"column":0},"end":{"line":239,"column":9}},"239":{"start":{"line":240,"column":0},"end":{"line":240,"column":6}},"240":{"start":{"line":241,"column":0},"end":{"line":241,"column":3}},"241":{"start":{"line":242,"column":0},"end":{"line":242,"column":1}},"243":{"start":{"line":244,"column":0},"end":{"line":244,"column":41}},"244":{"start":{"line":245,"column":0},"end":{"line":245,"column":29}},"245":{"start":{"line":246,"column":0},"end":{"line":246,"column":1}},"247":{"start":{"line":248,"column":0},"end":{"line":248,"column":59}},"248":{"start":{"line":249,"column":0},"end":{"line":249,"column":25}},"250":{"start":{"line":251,"column":0},"end":{"line":251,"column":53}},"251":{"start":{"line":252,"column":0},"end":{"line":252,"column":21}},"252":{"start":{"line":253,"column":0},"end":{"line":253,"column":11}},"253":{"start":{"line":254,"column":0},"end":{"line":254,"column":3}},"255":{"start":{"line":256,"column":0},"end":{"line":256,"column":68}},"256":{"start":{"line":257,"column":0},"end":{"line":257,"column":34}},"258":{"start":{"line":259,"column":0},"end":{"line":259,"column":32}},"259":{"start":{"line":260,"column":0},"end":{"line":260,"column":21}},"260":{"start":{"line":261,"column":0},"end":{"line":261,"column":11}},"261":{"start":{"line":262,"column":0},"end":{"line":262,"column":3}},"263":{"start":{"line":264,"column":0},"end":{"line":264,"column":50}},"264":{"start":{"line":265,"column":0},"end":{"line":265,"column":19}},"265":{"start":{"line":266,"column":0},"end":{"line":266,"column":1}},"267":{"start":{"line":268,"column":0},"end":{"line":268,"column":80}},"268":{"start":{"line":269,"column":0},"end":{"line":269,"column":64}},"269":{"start":{"line":270,"column":0},"end":{"line":270,"column":31}},"270":{"start":{"line":271,"column":0},"end":{"line":271,"column":4}},"271":{"start":{"line":272,"column":0},"end":{"line":272,"column":34}},"273":{"start":{"line":274,"column":0},"end":{"line":274,"column":77}},"275":{"start":{"line":276,"column":0},"end":{"line":276,"column":26}},"276":{"start":{"line":277,"column":0},"end":{"line":277,"column":39}},"277":{"start":{"line":278,"column":0},"end":{"line":278,"column":10}},"278":{"start":{"line":279,"column":0},"end":{"line":279,"column":37}},"279":{"start":{"line":280,"column":0},"end":{"line":280,"column":3}},"281":{"start":{"line":282,"column":0},"end":{"line":282,"column":64}},"282":{"start":{"line":283,"column":0},"end":{"line":283,"column":1}},"284":{"start":{"line":285,"column":0},"end":{"line":285,"column":26}},"285":{"start":{"line":286,"column":0},"end":{"line":286,"column":19}},"286":{"start":{"line":287,"column":0},"end":{"line":287,"column":1}},"288":{"start":{"line":289,"column":0},"end":{"line":289,"column":27}},"289":{"start":{"line":290,"column":0},"end":{"line":290,"column":27}},"290":{"start":{"line":291,"column":0},"end":{"line":291,"column":30}},"291":{"start":{"line":292,"column":0},"end":{"line":292,"column":32}},"292":{"start":{"line":293,"column":0},"end":{"line":293,"column":25}},"293":{"start":{"line":294,"column":0},"end":{"line":294,"column":1}},"295":{"start":{"line":296,"column":0},"end":{"line":296,"column":21}},"296":{"start":{"line":297,"column":0},"end":{"line":297,"column":34}},"297":{"start":{"line":298,"column":0},"end":{"line":298,"column":21}},"298":{"start":{"line":299,"column":0},"end":{"line":299,"column":20}},"299":{"start":{"line":300,"column":0},"end":{"line":300,"column":37}},"300":{"start":{"line":301,"column":0},"end":{"line":301,"column":10}},"301":{"start":{"line":302,"column":0},"end":{"line":302,"column":1}},"303":{"start":{"line":304,"column":0},"end":{"line":304,"column":21}},"304":{"start":{"line":305,"column":0},"end":{"line":305,"column":34}},"305":{"start":{"line":306,"column":0},"end":{"line":306,"column":21}},"306":{"start":{"line":307,"column":0},"end":{"line":307,"column":20}},"307":{"start":{"line":308,"column":0},"end":{"line":308,"column":37}},"308":{"start":{"line":309,"column":0},"end":{"line":309,"column":10}},"309":{"start":{"line":310,"column":0},"end":{"line":310,"column":1}}},"s":{"1":1,"2":1,"3":1,"4":1,"6":1,"7":1,"8":1,"9":1,"11":1,"12":1,"13":1,"14":1,"15":1,"17":1,"18":1,"19":1,"20":1,"21":1,"23":1,"25":1,"26":1,"27":1,"31":1,"32":1,"33":1,"35":1,"36":1,"38":1,"39":1,"40":1,"41":1,"42":1,"44":1,"45":1,"47":1,"48":1,"49":1,"50":1,"54":1,"55":1,"57":1,"58":1,"59":1,"60":1,"61":1,"65":1,"66":1,"67":1,"68":1,"69":1,"71":1,"72":1,"73":1,"74":1,"75":1,"76":1,"77":1,"78":1,"80":1,"81":206,"82":206,"83":206,"84":206,"86":206,"87":206,"88":206,"93":206,"94":206,"95":206,"96":206,"98":206,"99":206,"100":206,"101":206,"102":206,"103":206,"104":206,"105":206,"106":206,"108":206,"110":235,"111":235,"112":235,"113":235,"115":235,"117":1,"118":1,"119":2,"120":2,"121":2,"122":1,"123":1,"125":1,"126":1,"127":1,"128":1,"129":1,"131":1,"132":1,"133":1,"134":1,"135":1,"136":1,"137":1,"138":1,"139":1,"143":1,"146":1,"150":1,"158":1,"159":1,"160":1,"161":1,"163":1,"164":1,"165":1,"167":1,"168":1,"169":1,"171":44,"172":44,"173":44,"174":44,"175":44,"176":44,"178":464,"179":464,"180":464,"181":464,"182":464,"184":1,"185":58,"187":58,"188":406,"189":406,"191":406,"192":406,"193":973,"194":864,"195":406,"197":406,"198":58,"199":1,"201":1,"202":58,"203":58,"204":58,"205":1,"207":207,"208":207,"209":207,"211":207,"212":42,"213":207,"214":83,"215":165,"216":82,"217":82,"218":0,"219":207,"221":1,"222":1,"223":1,"225":1,"226":1,"227":1,"228":0,"230":1,"231":0,"232":0,"233":0,"234":0,"235":0,"236":0,"237":0,"238":0,"239":0,"240":0,"241":1,"243":2,"244":2,"245":2,"247":1,"248":1,"250":1,"251":1,"252":1,"253":1,"255":0,"256":0,"258":0,"259":0,"260":0,"261":0,"263":0,"264":0,"265":1,"267":0,"268":0,"269":0,"270":0,"271":0,"273":0,"275":0,"276":0,"277":0,"278":0,"279":0,"281":0,"282":0,"284":1,"285":1,"286":1,"288":2,"289":2,"290":2,"291":2,"292":2,"293":2,"295":3,"296":3,"297":3,"298":3,"299":0,"300":3,"301":3,"303":8,"304":8,"305":8,"306":8,"307":0,"308":8,"309":8},"branchMap":{"0":{"type":"branch","line":172,"loc":{"start":{"line":172,"column":0},"end":{"line":177,"column":1}},"locations":[{"start":{"line":172,"column":0},"end":{"line":177,"column":1}}]},"1":{"type":"branch","line":175,"loc":{"start":{"line":175,"column":44},"end":{"line":175,"column":53}},"locations":[{"start":{"line":175,"column":44},"end":{"line":175,"column":53}}]},"2":{"type":"branch","line":175,"loc":{"start":{"line":175,"column":48},"end":{"line":175,"column":56}},"locations":[{"start":{"line":175,"column":48},"end":{"line":175,"column":56}}]},"3":{"type":"branch","line":179,"loc":{"start":{"line":179,"column":0},"end":{"line":183,"column":1}},"locations":[{"start":{"line":179,"column":0},"end":{"line":183,"column":1}}]},"4":{"type":"branch","line":185,"loc":{"start":{"line":185,"column":22},"end":{"line":200,"column":1}},"locations":[{"start":{"line":185,"column":22},"end":{"line":200,"column":1}}]},"5":{"type":"branch","line":188,"loc":{"start":{"line":188,"column":63},"end":{"line":199,"column":3}},"locations":[{"start":{"line":188,"column":63},"end":{"line":199,"column":3}}]},"6":{"type":"branch","line":193,"loc":{"start":{"line":193,"column":6},"end":{"line":195,"column":42}},"locations":[{"start":{"line":193,"column":6},"end":{"line":195,"column":42}}]},"7":{"type":"branch","line":194,"loc":{"start":{"line":194,"column":42},"end":{"line":195,"column":42}},"locations":[{"start":{"line":194,"column":42},"end":{"line":195,"column":42}}]},"8":{"type":"branch","line":202,"loc":{"start":{"line":202,"column":27},"end":{"line":206,"column":1}},"locations":[{"start":{"line":202,"column":27},"end":{"line":206,"column":1}}]},"9":{"type":"branch","line":208,"loc":{"start":{"line":208,"column":0},"end":{"line":220,"column":1}},"locations":[{"start":{"line":208,"column":0},"end":{"line":220,"column":1}}]},"10":{"type":"branch","line":212,"loc":{"start":{"line":212,"column":18},"end":{"line":212,"column":52}},"locations":[{"start":{"line":212,"column":18},"end":{"line":212,"column":52}}]},"11":{"type":"branch","line":212,"loc":{"start":{"line":212,"column":52},"end":{"line":214,"column":13}},"locations":[{"start":{"line":212,"column":52},"end":{"line":214,"column":13}}]},"12":{"type":"branch","line":214,"loc":{"start":{"line":214,"column":2},"end":{"line":218,"column":3}},"locations":[{"start":{"line":214,"column":2},"end":{"line":218,"column":3}}]},"13":{"type":"branch","line":214,"loc":{"start":{"line":214,"column":36},"end":{"line":216,"column":13}},"locations":[{"start":{"line":214,"column":36},"end":{"line":216,"column":13}}]},"14":{"type":"branch","line":216,"loc":{"start":{"line":216,"column":2},"end":{"line":218,"column":3}},"locations":[{"start":{"line":216,"column":2},"end":{"line":218,"column":3}}]},"15":{"type":"branch","line":218,"loc":{"start":{"line":218,"column":2},"end":{"line":219,"column":12}},"locations":[{"start":{"line":218,"column":2},"end":{"line":219,"column":12}}]},"16":{"type":"branch","line":222,"loc":{"start":{"line":222,"column":0},"end":{"line":242,"column":1}},"locations":[{"start":{"line":222,"column":0},"end":{"line":242,"column":1}}]},"17":{"type":"branch","line":228,"loc":{"start":{"line":228,"column":6},"end":{"line":229,"column":15}},"locations":[{"start":{"line":228,"column":6},"end":{"line":229,"column":15}}]},"18":{"type":"branch","line":231,"loc":{"start":{"line":231,"column":26},"end":{"line":241,"column":3}},"locations":[{"start":{"line":231,"column":26},"end":{"line":241,"column":3}}]},"19":{"type":"branch","line":244,"loc":{"start":{"line":244,"column":0},"end":{"line":246,"column":1}},"locations":[{"start":{"line":244,"column":0},"end":{"line":246,"column":1}}]},"20":{"type":"branch","line":248,"loc":{"start":{"line":248,"column":0},"end":{"line":266,"column":1}},"locations":[{"start":{"line":248,"column":0},"end":{"line":266,"column":1}}]},"21":{"type":"branch","line":251,"loc":{"start":{"line":251,"column":22},"end":{"line":251,"column":52}},"locations":[{"start":{"line":251,"column":22},"end":{"line":251,"column":52}}]},"22":{"type":"branch","line":254,"loc":{"start":{"line":254,"column":2},"end":{"line":265,"column":19}},"locations":[{"start":{"line":254,"column":2},"end":{"line":265,"column":19}}]},"23":{"type":"branch","line":285,"loc":{"start":{"line":285,"column":0},"end":{"line":287,"column":1}},"locations":[{"start":{"line":285,"column":0},"end":{"line":287,"column":1}}]},"24":{"type":"branch","line":289,"loc":{"start":{"line":289,"column":0},"end":{"line":294,"column":1}},"locations":[{"start":{"line":289,"column":0},"end":{"line":294,"column":1}}]},"25":{"type":"branch","line":296,"loc":{"start":{"line":296,"column":0},"end":{"line":302,"column":1}},"locations":[{"start":{"line":296,"column":0},"end":{"line":302,"column":1}}]},"26":{"type":"branch","line":304,"loc":{"start":{"line":304,"column":0},"end":{"line":310,"column":1}},"locations":[{"start":{"line":304,"column":0},"end":{"line":310,"column":1}}]},"27":{"type":"branch","line":127,"loc":{"start":{"line":127,"column":14},"end":{"line":136,"column":72}},"locations":[{"start":{"line":127,"column":14},"end":{"line":136,"column":72}}]},"28":{"type":"branch","line":136,"loc":{"start":{"line":136,"column":69},"end":{"line":136,"column":72}},"locations":[{"start":{"line":136,"column":69},"end":{"line":136,"column":72}}]},"29":{"type":"branch","line":81,"loc":{"start":{"line":81,"column":65},"end":{"line":109,"column":14}},"locations":[{"start":{"line":81,"column":65},"end":{"line":109,"column":14}}]},"30":{"type":"branch","line":109,"loc":{"start":{"line":109,"column":10},"end":{"line":116,"column":16}},"locations":[{"start":{"line":109,"column":10},"end":{"line":116,"column":16}}]},"31":{"type":"branch","line":119,"loc":{"start":{"line":119,"column":38},"end":{"line":122,"column":17}},"locations":[{"start":{"line":119,"column":38},"end":{"line":122,"column":17}}]},"32":{"type":"branch","line":69,"loc":{"start":{"line":69,"column":19},"end":{"line":69,"column":57}},"locations":[{"start":{"line":69,"column":19},"end":{"line":69,"column":57}}]},"33":{"type":"branch","line":70,"loc":{"start":{"line":70,"column":15},"end":{"line":70,"column":49}},"locations":[{"start":{"line":70,"column":15},"end":{"line":70,"column":49}}]},"34":{"type":"branch","line":95,"loc":{"start":{"line":95,"column":26},"end":{"line":95,"column":74}},"locations":[{"start":{"line":95,"column":26},"end":{"line":95,"column":74}}]},"35":{"type":"branch","line":97,"loc":{"start":{"line":97,"column":22},"end":{"line":97,"column":57}},"locations":[{"start":{"line":97,"column":22},"end":{"line":97,"column":57}}]}},"b":{"0":[44],"1":[8],"2":[36],"3":[464],"4":[58],"5":[406],"6":[973],"7":[864],"8":[58],"9":[207],"10":[125],"11":[42],"12":[165],"13":[83],"14":[82],"15":[0],"16":[1],"17":[0],"18":[0],"19":[2],"20":[1],"21":[0],"22":[0],"23":[1],"24":[2],"25":[3],"26":[8],"27":[1],"28":[62],"29":[206],"30":[235],"31":[2],"32":[2],"33":[1],"34":[1],"35":[2]},"fnMap":{"0":{"name":"getMonday","decl":{"start":{"line":172,"column":0},"end":{"line":177,"column":1}},"loc":{"start":{"line":172,"column":0},"end":{"line":177,"column":1}},"line":172},"1":{"name":"addDays","decl":{"start":{"line":179,"column":0},"end":{"line":183,"column":1}},"loc":{"start":{"line":179,"column":0},"end":{"line":183,"column":1}},"line":179},"2":{"name":"getBookingType","decl":{"start":{"line":208,"column":0},"end":{"line":220,"column":1}},"loc":{"start":{"line":208,"column":0},"end":{"line":220,"column":1}},"line":208},"3":{"name":"handleDragStart","decl":{"start":{"line":222,"column":0},"end":{"line":242,"column":1}},"loc":{"start":{"line":222,"column":0},"end":{"line":242,"column":1}},"line":222},"4":{"name":"handleDragOver","decl":{"start":{"line":244,"column":0},"end":{"line":246,"column":1}},"loc":{"start":{"line":244,"column":0},"end":{"line":246,"column":1}},"line":244},"5":{"name":"handleDrop","decl":{"start":{"line":248,"column":0},"end":{"line":266,"column":1}},"loc":{"start":{"line":248,"column":0},"end":{"line":266,"column":1}},"line":248},"6":{"name":"fakeApi","decl":{"start":{"line":268,"column":0},"end":{"line":283,"column":1}},"loc":{"start":{"line":268,"column":0},"end":{"line":283,"column":1}},"line":268},"7":{"name":"handleDragEnd","decl":{"start":{"line":285,"column":0},"end":{"line":287,"column":1}},"loc":{"start":{"line":285,"column":0},"end":{"line":287,"column":1}},"line":285},"8":{"name":"resetDragState","decl":{"start":{"line":289,"column":0},"end":{"line":294,"column":1}},"loc":{"start":{"line":289,"column":0},"end":{"line":294,"column":1}},"line":289},"9":{"name":"prevWeek","decl":{"start":{"line":296,"column":0},"end":{"line":302,"column":1}},"loc":{"start":{"line":296,"column":0},"end":{"line":302,"column":1}},"line":296},"10":{"name":"nextWeek","decl":{"start":{"line":304,"column":0},"end":{"line":310,"column":1}},"loc":{"start":{"line":304,"column":0},"end":{"line":310,"column":1}},"line":304},"11":{"name":"onDrop","decl":{"start":{"line":70,"column":15},"end":{"line":70,"column":49}},"loc":{"start":{"line":70,"column":15},"end":{"line":70,"column":49}},"line":70},"12":{"name":"onDragstart","decl":{"start":{"line":95,"column":26},"end":{"line":95,"column":74}},"loc":{"start":{"line":95,"column":26},"end":{"line":95,"column":74}},"line":95},"13":{"name":"onClick","decl":{"start":{"line":97,"column":22},"end":{"line":97,"column":57}},"loc":{"start":{"line":97,"column":22},"end":{"line":97,"column":57}},"line":97}},"f":{"0":44,"1":464,"2":207,"3":1,"4":2,"5":1,"6":0,"7":1,"8":2,"9":3,"10":8,"11":1,"12":1,"13":2}}
,"/Users/ramiro/Documents/codigo/Ramiro/src/components/RentalManager.vue": {"path":"/Users/ramiro/Documents/codigo/Ramiro/src/components/RentalManager.vue","all":false,"statementMap":{"1":{"start":{"line":2,"column":0},"end":{"line":2,"column":26}},"3":{"start":{"line":4,"column":0},"end":{"line":4,"column":50}},"4":{"start":{"line":5,"column":0},"end":{"line":5,"column":48}},"5":{"start":{"line":6,"column":0},"end":{"line":6,"column":50}},"6":{"start":{"line":7,"column":0},"end":{"line":7,"column":56}},"10":{"start":{"line":11,"column":0},"end":{"line":11,"column":50}},"11":{"start":{"line":12,"column":0},"end":{"line":12,"column":50}},"13":{"start":{"line":14,"column":0},"end":{"line":14,"column":28}},"16":{"start":{"line":17,"column":0},"end":{"line":17,"column":22}},"17":{"start":{"line":18,"column":0},"end":{"line":18,"column":1}},"19":{"start":{"line":20,"column":0},"end":{"line":20,"column":41}},"20":{"start":{"line":21,"column":0},"end":{"line":21,"column":31}},"21":{"start":{"line":22,"column":0},"end":{"line":22,"column":1}},"23":{"start":{"line":24,"column":0},"end":{"line":24,"column":41}},"24":{"start":{"line":25,"column":0},"end":{"line":25,"column":31}},"25":{"start":{"line":26,"column":0},"end":{"line":26,"column":1}},"29":{"start":{"line":30,"column":0},"end":{"line":30,"column":75}},"31":{"start":{"line":32,"column":0},"end":{"line":32,"column":17}},"32":{"start":{"line":33,"column":0},"end":{"line":33,"column":26}},"33":{"start":{"line":34,"column":0},"end":{"line":34,"column":20}},"34":{"start":{"line":35,"column":0},"end":{"line":35,"column":38}},"35":{"start":{"line":36,"column":0},"end":{"line":36,"column":38}},"36":{"start":{"line":37,"column":0},"end":{"line":37,"column":4}},"38":{"start":{"line":39,"column":0},"end":{"line":39,"column":17}},"39":{"start":{"line":40,"column":0},"end":{"line":40,"column":35}},"40":{"start":{"line":41,"column":0},"end":{"line":41,"column":38}},"41":{"start":{"line":42,"column":0},"end":{"line":42,"column":38}},"42":{"start":{"line":43,"column":0},"end":{"line":43,"column":4}},"44":{"start":{"line":45,"column":0},"end":{"line":45,"column":16}},"45":{"start":{"line":46,"column":0},"end":{"line":46,"column":45}},"46":{"start":{"line":47,"column":0},"end":{"line":47,"column":30}},"47":{"start":{"line":48,"column":0},"end":{"line":48,"column":30}},"48":{"start":{"line":49,"column":0},"end":{"line":49,"column":44}},"49":{"start":{"line":50,"column":0},"end":{"line":50,"column":4}}},"s":{"1":1,"3":1,"4":1,"5":1,"6":1,"10":1,"11":1,"13":16,"16":16,"17":16,"19":6,"20":6,"21":6,"23":4,"24":4,"25":4,"29":1,"31":1,"32":1,"33":1,"34":1,"35":1,"36":1,"38":1,"39":1,"40":15,"41":15,"42":1,"44":1,"45":1,"46":5,"47":5,"48":5,"49":1},"branchMap":{"0":{"type":"branch","line":14,"loc":{"start":{"line":14,"column":0},"end":{"line":18,"column":1}},"locations":[{"start":{"line":14,"column":0},"end":{"line":18,"column":1}}]},"1":{"type":"branch","line":20,"loc":{"start":{"line":20,"column":0},"end":{"line":22,"column":1}},"locations":[{"start":{"line":20,"column":0},"end":{"line":22,"column":1}}]},"2":{"type":"branch","line":24,"loc":{"start":{"line":24,"column":0},"end":{"line":26,"column":1}},"locations":[{"start":{"line":24,"column":0},"end":{"line":26,"column":1}}]},"3":{"type":"branch","line":40,"loc":{"start":{"line":40,"column":25},"end":{"line":42,"column":38}},"locations":[{"start":{"line":40,"column":25},"end":{"line":42,"column":38}}]},"4":{"type":"branch","line":42,"loc":{"start":{"line":42,"column":22},"end":{"line":42,"column":38}},"locations":[{"start":{"line":42,"column":22},"end":{"line":42,"column":38}}]},"5":{"type":"branch","line":46,"loc":{"start":{"line":46,"column":10},"end":{"line":46,"column":45}},"locations":[{"start":{"line":46,"column":10},"end":{"line":46,"column":45}}]},"6":{"type":"branch","line":46,"loc":{"start":{"line":46,"column":29},"end":{"line":49,"column":44}},"locations":[{"start":{"line":46,"column":29},"end":{"line":49,"column":44}}]},"7":{"type":"branch","line":49,"loc":{"start":{"line":49,"column":36},"end":{"line":49,"column":44}},"locations":[{"start":{"line":49,"column":36},"end":{"line":49,"column":44}}]},"8":{"type":"branch","line":49,"loc":{"start":{"line":49,"column":19},"end":{"line":49,"column":44}},"locations":[{"start":{"line":49,"column":19},"end":{"line":49,"column":44}}]}},"b":{"0":[16],"1":[6],"2":[4],"3":[15],"4":[16],"5":[6],"6":[5],"7":[26],"8":[2]},"fnMap":{"0":{"name":"searchApi","decl":{"start":{"line":14,"column":0},"end":{"line":18,"column":1}},"loc":{"start":{"line":14,"column":0},"end":{"line":18,"column":1}},"line":14},"1":{"name":"onStationSelect","decl":{"start":{"line":20,"column":0},"end":{"line":22,"column":1}},"loc":{"start":{"line":20,"column":0},"end":{"line":22,"column":1}},"line":20},"2":{"name":"onBookingSelect","decl":{"start":{"line":24,"column":0},"end":{"line":26,"column":1}},"loc":{"start":{"line":24,"column":0},"end":{"line":26,"column":1}},"line":24},"3":{"name":"$setup.selectedBooking.$setup.selectedStation.onBackToCalendar._cache.<computed>._cache.<computed>","decl":{"start":{"line":49,"column":19},"end":{"line":49,"column":44}},"loc":{"start":{"line":49,"column":19},"end":{"line":49,"column":44}},"line":49}},"f":{"0":16,"1":6,"2":4,"3":2}}
,"/Users/ramiro/Documents/codigo/Ramiro/src/components/SearchComplete.vue": {"path":"/Users/ramiro/Documents/codigo/Ramiro/src/components/SearchComplete.vue","all":false,"statementMap":{"1":{"start":{"line":2,"column":0},"end":{"line":2,"column":35}},"2":{"start":{"line":3,"column":0},"end":{"line":3,"column":44}},"3":{"start":{"line":4,"column":0},"end":{"line":4,"column":69}},"4":{"start":{"line":5,"column":0},"end":{"line":5,"column":12}},"5":{"start":{"line":6,"column":0},"end":{"line":6,"column":132}},"6":{"start":{"line":7,"column":0},"end":{"line":7,"column":66}},"7":{"start":{"line":8,"column":0},"end":{"line":8,"column":23}},"8":{"start":{"line":9,"column":0},"end":{"line":9,"column":47}},"10":{"start":{"line":11,"column":0},"end":{"line":11,"column":15}},"11":{"start":{"line":12,"column":0},"end":{"line":12,"column":47}},"12":{"start":{"line":13,"column":0},"end":{"line":13,"column":70}},"13":{"start":{"line":14,"column":0},"end":{"line":14,"column":36}},"14":{"start":{"line":15,"column":0},"end":{"line":15,"column":44}},"16":{"start":{"line":17,"column":0},"end":{"line":17,"column":56}},"18":{"start":{"line":19,"column":0},"end":{"line":19,"column":20}},"19":{"start":{"line":20,"column":0},"end":{"line":20,"column":18}},"20":{"start":{"line":21,"column":0},"end":{"line":21,"column":33}},"21":{"start":{"line":22,"column":0},"end":{"line":22,"column":29}},"22":{"start":{"line":23,"column":0},"end":{"line":23,"column":29}},"23":{"start":{"line":24,"column":0},"end":{"line":24,"column":38}},"24":{"start":{"line":25,"column":0},"end":{"line":25,"column":40}},"25":{"start":{"line":26,"column":0},"end":{"line":26,"column":123}},"26":{"start":{"line":27,"column":0},"end":{"line":27,"column":72}},"27":{"start":{"line":28,"column":0},"end":{"line":28,"column":27}},"28":{"start":{"line":29,"column":0},"end":{"line":29,"column":32}},"29":{"start":{"line":30,"column":0},"end":{"line":30,"column":38}},"30":{"start":{"line":31,"column":0},"end":{"line":31,"column":51}},"31":{"start":{"line":32,"column":0},"end":{"line":32,"column":29}},"32":{"start":{"line":33,"column":0},"end":{"line":33,"column":14}},"33":{"start":{"line":34,"column":0},"end":{"line":34,"column":17}},"35":{"start":{"line":36,"column":0},"end":{"line":36,"column":34}},"36":{"start":{"line":37,"column":0},"end":{"line":37,"column":39}},"37":{"start":{"line":38,"column":0},"end":{"line":38,"column":17}},"38":{"start":{"line":39,"column":0},"end":{"line":39,"column":35}},"39":{"start":{"line":40,"column":0},"end":{"line":40,"column":124}},"40":{"start":{"line":41,"column":0},"end":{"line":41,"column":39}},"42":{"start":{"line":43,"column":0},"end":{"line":43,"column":19}},"43":{"start":{"line":44,"column":0},"end":{"line":44,"column":50}},"44":{"start":{"line":45,"column":0},"end":{"line":45,"column":32}},"45":{"start":{"line":46,"column":0},"end":{"line":46,"column":41}},"46":{"start":{"line":47,"column":0},"end":{"line":47,"column":39}},"47":{"start":{"line":48,"column":0},"end":{"line":48,"column":47}},"48":{"start":{"line":49,"column":0},"end":{"line":49,"column":55}},"49":{"start":{"line":50,"column":0},"end":{"line":50,"column":158}},"50":{"start":{"line":51,"column":0},"end":{"line":51,"column":27}},"54":{"start":{"line":55,"column":0},"end":{"line":55,"column":31}},"55":{"start":{"line":56,"column":0},"end":{"line":56,"column":31}},"56":{"start":{"line":57,"column":0},"end":{"line":57,"column":61}},"57":{"start":{"line":58,"column":0},"end":{"line":58,"column":58}},"59":{"start":{"line":60,"column":0},"end":{"line":60,"column":61}},"60":{"start":{"line":61,"column":0},"end":{"line":61,"column":29}},"61":{"start":{"line":62,"column":0},"end":{"line":62,"column":27}},"62":{"start":{"line":63,"column":0},"end":{"line":63,"column":23}},"63":{"start":{"line":64,"column":0},"end":{"line":64,"column":39}},"64":{"start":{"line":65,"column":0},"end":{"line":65,"column":64}},"66":{"start":{"line":67,"column":0},"end":{"line":67,"column":38}},"67":{"start":{"line":68,"column":0},"end":{"line":68,"column":25}},"68":{"start":{"line":69,"column":0},"end":{"line":69,"column":21}},"69":{"start":{"line":70,"column":0},"end":{"line":70,"column":19}},"70":{"start":{"line":71,"column":0},"end":{"line":71,"column":18}},"71":{"start":{"line":72,"column":0},"end":{"line":72,"column":23}},"91":{"start":{"line":92,"column":0},"end":{"line":92,"column":14}},"92":{"start":{"line":93,"column":0},"end":{"line":93,"column":12}},"93":{"start":{"line":94,"column":0},"end":{"line":94,"column":10}},"94":{"start":{"line":95,"column":0},"end":{"line":95,"column":8}},"98":{"start":{"line":99,"column":0},"end":{"line":99,"column":44}},"100":{"start":{"line":101,"column":0},"end":{"line":101,"column":27}},"106":{"start":{"line":107,"column":0},"end":{"line":107,"column":26}},"110":{"start":{"line":111,"column":0},"end":{"line":111,"column":22}},"111":{"start":{"line":112,"column":0},"end":{"line":112,"column":34}},"112":{"start":{"line":113,"column":0},"end":{"line":113,"column":31}},"113":{"start":{"line":114,"column":0},"end":{"line":114,"column":30}},"115":{"start":{"line":116,"column":0},"end":{"line":116,"column":23}},"116":{"start":{"line":117,"column":0},"end":{"line":117,"column":45}},"117":{"start":{"line":118,"column":0},"end":{"line":118,"column":3}},"119":{"start":{"line":120,"column":0},"end":{"line":120,"column":22}},"120":{"start":{"line":121,"column":0},"end":{"line":121,"column":27}},"121":{"start":{"line":122,"column":0},"end":{"line":122,"column":3}},"123":{"start":{"line":124,"column":0},"end":{"line":124,"column":25}},"124":{"start":{"line":125,"column":0},"end":{"line":125,"column":27}},"125":{"start":{"line":126,"column":0},"end":{"line":126,"column":32}},"126":{"start":{"line":127,"column":0},"end":{"line":127,"column":50}},"127":{"start":{"line":128,"column":0},"end":{"line":128,"column":80}},"128":{"start":{"line":129,"column":0},"end":{"line":129,"column":6}},"129":{"start":{"line":130,"column":0},"end":{"line":130,"column":10}},"130":{"start":{"line":131,"column":0},"end":{"line":131,"column":23}},"131":{"start":{"line":132,"column":0},"end":{"line":132,"column":29}},"132":{"start":{"line":133,"column":0},"end":{"line":133,"column":3}},"133":{"start":{"line":134,"column":0},"end":{"line":134,"column":1}},"135":{"start":{"line":136,"column":0},"end":{"line":136,"column":46}},"136":{"start":{"line":137,"column":0},"end":{"line":137,"column":22}},"137":{"start":{"line":138,"column":0},"end":{"line":138,"column":21}},"138":{"start":{"line":139,"column":0},"end":{"line":139,"column":29}},"139":{"start":{"line":140,"column":0},"end":{"line":140,"column":27}},"140":{"start":{"line":141,"column":0},"end":{"line":141,"column":54}},"141":{"start":{"line":142,"column":0},"end":{"line":142,"column":35}},"142":{"start":{"line":143,"column":0},"end":{"line":143,"column":14}},"143":{"start":{"line":144,"column":0},"end":{"line":144,"column":12}},"145":{"start":{"line":146,"column":0},"end":{"line":146,"column":19}},"146":{"start":{"line":147,"column":0},"end":{"line":147,"column":29}},"147":{"start":{"line":148,"column":0},"end":{"line":148,"column":27}},"148":{"start":{"line":149,"column":0},"end":{"line":149,"column":31}},"149":{"start":{"line":150,"column":0},"end":{"line":150,"column":35}},"150":{"start":{"line":151,"column":0},"end":{"line":151,"column":37}},"151":{"start":{"line":152,"column":0},"end":{"line":152,"column":12}},"153":{"start":{"line":154,"column":0},"end":{"line":154,"column":17}},"154":{"start":{"line":155,"column":0},"end":{"line":155,"column":29}},"155":{"start":{"line":156,"column":0},"end":{"line":156,"column":37}},"156":{"start":{"line":157,"column":0},"end":{"line":157,"column":51}},"157":{"start":{"line":158,"column":0},"end":{"line":158,"column":7}},"158":{"start":{"line":159,"column":0},"end":{"line":159,"column":12}},"159":{"start":{"line":160,"column":0},"end":{"line":160,"column":3}},"160":{"start":{"line":161,"column":0},"end":{"line":161,"column":1}},"162":{"start":{"line":163,"column":0},"end":{"line":163,"column":28}},"163":{"start":{"line":164,"column":0},"end":{"line":164,"column":32}},"164":{"start":{"line":165,"column":0},"end":{"line":165,"column":21}},"165":{"start":{"line":166,"column":0},"end":{"line":166,"column":27}},"166":{"start":{"line":167,"column":0},"end":{"line":167,"column":26}},"167":{"start":{"line":168,"column":0},"end":{"line":168,"column":1}}},"s":{"1":1,"2":1,"3":1,"4":1,"5":1,"6":1,"7":1,"8":1,"10":1,"11":1,"12":1,"13":1,"14":1,"16":1,"18":47,"19":1,"20":1,"21":32,"22":1,"23":1,"24":1,"25":1,"26":1,"27":1,"28":1,"29":1,"30":1,"31":1,"32":1,"33":1,"35":1,"36":1,"37":1,"38":1,"39":1,"40":1,"42":1,"43":1,"44":1,"45":1,"46":1,"47":1,"48":1,"49":1,"50":1,"54":1,"55":1,"56":1,"57":1,"59":1,"60":1,"61":1,"62":1,"63":1,"64":0,"66":0,"67":1,"68":1,"69":1,"70":1,"71":1,"91":1,"92":1,"93":1,"94":1,"98":1,"100":1,"106":1,"110":1,"111":1,"112":1,"113":1,"115":1,"116":47,"117":1,"119":1,"120":35,"121":1,"123":32,"124":32,"125":30,"126":30,"127":140,"128":30,"129":32,"130":2,"131":2,"132":2,"133":32,"135":0,"136":0,"137":0,"138":0,"139":0,"140":0,"141":0,"142":0,"143":0,"145":0,"146":0,"147":0,"148":0,"149":0,"150":0,"151":0,"153":0,"154":0,"155":0,"156":0,"157":0,"158":0,"159":0,"160":0,"162":5,"163":5,"164":5,"165":5,"166":5,"167":5},"branchMap":{"0":{"type":"branch","line":116,"loc":{"start":{"line":116,"column":10},"end":{"line":118,"column":1}},"locations":[{"start":{"line":116,"column":10},"end":{"line":118,"column":1}}]},"1":{"type":"branch","line":117,"loc":{"start":{"line":117,"column":43},"end":{"line":117,"column":45}},"locations":[{"start":{"line":117,"column":43},"end":{"line":117,"column":45}}]},"2":{"type":"branch","line":120,"loc":{"start":{"line":120,"column":15},"end":{"line":122,"column":1}},"locations":[{"start":{"line":120,"column":15},"end":{"line":122,"column":1}}]},"3":{"type":"branch","line":124,"loc":{"start":{"line":124,"column":0},"end":{"line":134,"column":1}},"locations":[{"start":{"line":124,"column":0},"end":{"line":134,"column":1}}]},"4":{"type":"branch","line":125,"loc":{"start":{"line":125,"column":26},"end":{"line":130,"column":9}},"locations":[{"start":{"line":125,"column":26},"end":{"line":130,"column":9}}]},"5":{"type":"branch","line":130,"loc":{"start":{"line":130,"column":2},"end":{"line":133,"column":3}},"locations":[{"start":{"line":130,"column":2},"end":{"line":133,"column":3}}]},"6":{"type":"branch","line":127,"loc":{"start":{"line":127,"column":44},"end":{"line":128,"column":80}},"locations":[{"start":{"line":127,"column":44},"end":{"line":128,"column":80}}]},"7":{"type":"branch","line":128,"loc":{"start":{"line":128,"column":12},"end":{"line":128,"column":21}},"locations":[{"start":{"line":128,"column":12},"end":{"line":128,"column":21}}]},"8":{"type":"branch","line":163,"loc":{"start":{"line":163,"column":0},"end":{"line":168,"column":1}},"locations":[{"start":{"line":163,"column":0},"end":{"line":168,"column":1}}]},"9":{"type":"branch","line":17,"loc":{"start":{"line":17,"column":12},"end":{"line":19,"column":20}},"locations":[{"start":{"line":17,"column":12},"end":{"line":19,"column":20}}]},"10":{"type":"branch","line":21,"loc":{"start":{"line":21,"column":17},"end":{"line":22,"column":29}},"locations":[{"start":{"line":21,"column":17},"end":{"line":22,"column":29}}]},"11":{"type":"branch","line":27,"loc":{"start":{"line":27,"column":30},"end":{"line":27,"column":72}},"locations":[{"start":{"line":27,"column":30},"end":{"line":27,"column":72}}]},"12":{"type":"branch","line":27,"loc":{"start":{"line":27,"column":36},"end":{"line":27,"column":72}},"locations":[{"start":{"line":27,"column":36},"end":{"line":27,"column":72}}]},"13":{"type":"branch","line":21,"loc":{"start":{"line":21,"column":17},"end":{"line":22,"column":29}},"locations":[{"start":{"line":21,"column":17},"end":{"line":22,"column":29}}]},"14":{"type":"branch","line":64,"loc":{"start":{"line":64,"column":31},"end":{"line":67,"column":38}},"locations":[{"start":{"line":64,"column":31},"end":{"line":67,"column":38}}]},"15":{"type":"branch","line":47,"loc":{"start":{"line":47,"column":24},"end":{"line":47,"column":39}},"locations":[{"start":{"line":47,"column":24},"end":{"line":47,"column":39}}]},"16":{"type":"branch","line":48,"loc":{"start":{"line":48,"column":26},"end":{"line":48,"column":47}},"locations":[{"start":{"line":48,"column":26},"end":{"line":48,"column":47}}]},"17":{"type":"branch","line":48,"loc":{"start":{"line":48,"column":45},"end":{"line":49,"column":55}},"locations":[{"start":{"line":48,"column":45},"end":{"line":49,"column":55}}]}},"b":{"0":[47],"1":[46],"2":[35],"3":[32],"4":[30],"5":[2],"6":[140],"7":[0],"8":[5],"9":[47],"10":[47],"11":[26],"12":[57],"13":[32],"14":[0],"15":[3],"16":[1],"17":[1]},"fnMap":{"0":{"name":"search","decl":{"start":{"line":124,"column":0},"end":{"line":134,"column":1}},"loc":{"start":{"line":124,"column":0},"end":{"line":134,"column":1}},"line":124},"1":{"name":"handleKeyDown","decl":{"start":{"line":136,"column":0},"end":{"line":161,"column":1}},"loc":{"start":{"line":136,"column":0},"end":{"line":161,"column":1}},"line":136},"2":{"name":"select","decl":{"start":{"line":163,"column":0},"end":{"line":168,"column":1}},"loc":{"start":{"line":163,"column":0},"end":{"line":168,"column":1}},"line":163},"3":{"name":"onUpdate:modelValue._cache.<computed>._cache.<computed>","decl":{"start":{"line":21,"column":17},"end":{"line":22,"column":29}},"loc":{"start":{"line":21,"column":17},"end":{"line":22,"column":29}},"line":21},"4":{"name":"onClick","decl":{"start":{"line":47,"column":24},"end":{"line":47,"column":39}},"loc":{"start":{"line":47,"column":24},"end":{"line":47,"column":39}},"line":47}},"f":{"0":32,"1":0,"2":5,"3":32,"4":3}}
}
